2015-10-21 16:28:47 INFO  SparkContext:59 - Running Spark version 1.5.0
2015-10-21 16:28:47 WARN  NativeCodeLoader:62 - Unable to load native-hadoop library for your platform... using builtin-java classes where applicable
2015-10-21 16:28:47 INFO  SecurityManager:59 - Changing view acls to: akmorrow
2015-10-21 16:28:47 INFO  SecurityManager:59 - Changing modify acls to: akmorrow
2015-10-21 16:28:47 INFO  SecurityManager:59 - SecurityManager: authentication disabled; ui acls disabled; users with view permissions: Set(akmorrow); users with modify permissions: Set(akmorrow)
2015-10-21 16:28:48 INFO  Slf4jLogger:80 - Slf4jLogger started
2015-10-21 16:28:48 INFO  Remoting:74 - Starting remoting
2015-10-21 16:28:49 INFO  Remoting:74 - Remoting started; listening on addresses :[akka.tcp://sparkDriver@128.32.39.246:52111]
2015-10-21 16:28:49 INFO  Utils:59 - Successfully started service 'sparkDriver' on port 52111.
2015-10-21 16:28:49 INFO  SparkEnv:59 - Registering MapOutputTracker
2015-10-21 16:28:49 INFO  SparkEnv:59 - Registering BlockManagerMaster
2015-10-21 16:28:49 INFO  DiskBlockManager:59 - Created local directory at /private/var/folders/s9/40npqrf17dn72t1wwk5tmjhs54h2pt/T/blockmgr-6b622ce2-727c-46e9-bda7-a3ab4f98576f
2015-10-21 16:28:49 INFO  MemoryStore:59 - MemoryStore started with capacity 506.5 MB
2015-10-21 16:28:49 INFO  HttpFileServer:59 - HTTP File server directory is /private/var/folders/s9/40npqrf17dn72t1wwk5tmjhs54h2pt/T/spark-712ae6a1-d771-4307-9b45-65276e8b9f64/httpd-958e5947-3ced-4335-99aa-3ede339c4609
2015-10-21 16:28:49 INFO  HttpServer:59 - Starting HTTP Server
2015-10-21 16:28:49 INFO  Server:272 - jetty-8.y.z-SNAPSHOT
2015-10-21 16:28:49 INFO  AbstractConnector:338 - Started SocketConnector@0.0.0.0:52112
2015-10-21 16:28:49 INFO  Utils:59 - Successfully started service 'HTTP file server' on port 52112.
2015-10-21 16:28:49 INFO  SparkEnv:59 - Registering OutputCommitCoordinator
2015-10-21 16:28:49 INFO  Server:272 - jetty-8.y.z-SNAPSHOT
2015-10-21 16:28:49 INFO  AbstractConnector:338 - Started SelectChannelConnector@0.0.0.0:4040
2015-10-21 16:28:49 INFO  Utils:59 - Successfully started service 'SparkUI' on port 4040.
2015-10-21 16:28:49 INFO  SparkUI:59 - Started SparkUI at http://128.32.39.246:4040
2015-10-21 16:28:49 WARN  MetricsSystem:71 - Using default name DAGScheduler for source because spark.app.id is not set.
2015-10-21 16:28:49 INFO  Executor:59 - Starting executor ID driver on host localhost
2015-10-21 16:28:49 INFO  Utils:59 - Successfully started service 'org.apache.spark.network.netty.NettyBlockTransferService' on port 52113.
2015-10-21 16:28:49 INFO  NettyBlockTransferService:59 - Server created on 52113
2015-10-21 16:28:49 INFO  BlockManagerMaster:59 - Trying to register BlockManager
2015-10-21 16:28:49 INFO  BlockManagerMasterEndpoint:59 - Registering block manager localhost:52113 with 506.5 MB RAM, BlockManagerId(driver, localhost, 52113)
2015-10-21 16:28:49 INFO  BlockManagerMaster:59 - Registered BlockManager
2015-10-21 16:28:50 INFO  SparkContext:59 - Starting job: collect at IntervalRDD.scala:200
2015-10-21 16:28:50 INFO  DAGScheduler:59 - Job 0 finished: collect at IntervalRDD.scala:200, took 0.004049 s
2015-10-21 16:28:51 INFO  ContextCleaner:59 - Cleaned shuffle 0
2015-10-21 16:30:26 INFO  SparkContext:59 - Running Spark version 1.5.0
2015-10-21 16:30:26 WARN  NativeCodeLoader:62 - Unable to load native-hadoop library for your platform... using builtin-java classes where applicable
2015-10-21 16:30:26 INFO  SecurityManager:59 - Changing view acls to: akmorrow
2015-10-21 16:30:26 INFO  SecurityManager:59 - Changing modify acls to: akmorrow
2015-10-21 16:30:26 INFO  SecurityManager:59 - SecurityManager: authentication disabled; ui acls disabled; users with view permissions: Set(akmorrow); users with modify permissions: Set(akmorrow)
2015-10-21 16:30:26 INFO  Slf4jLogger:80 - Slf4jLogger started
2015-10-21 16:30:26 INFO  Remoting:74 - Starting remoting
2015-10-21 16:30:27 INFO  Remoting:74 - Remoting started; listening on addresses :[akka.tcp://sparkDriver@128.32.39.246:52117]
2015-10-21 16:30:27 INFO  Utils:59 - Successfully started service 'sparkDriver' on port 52117.
2015-10-21 16:30:27 INFO  SparkEnv:59 - Registering MapOutputTracker
2015-10-21 16:30:27 INFO  SparkEnv:59 - Registering BlockManagerMaster
2015-10-21 16:30:27 INFO  DiskBlockManager:59 - Created local directory at /private/var/folders/s9/40npqrf17dn72t1wwk5tmjhs54h2pt/T/blockmgr-8ac6e300-5eca-4ba4-b95d-06cd81bc350f
2015-10-21 16:30:27 INFO  MemoryStore:59 - MemoryStore started with capacity 497.6 MB
2015-10-21 16:30:27 INFO  HttpFileServer:59 - HTTP File server directory is /private/var/folders/s9/40npqrf17dn72t1wwk5tmjhs54h2pt/T/spark-064d9440-99b0-461f-a4b9-9828eade2032/httpd-3e2e2321-9d71-47a3-900a-13818c79e240
2015-10-21 16:30:27 INFO  HttpServer:59 - Starting HTTP Server
2015-10-21 16:30:27 INFO  Server:272 - jetty-8.y.z-SNAPSHOT
2015-10-21 16:30:27 INFO  AbstractConnector:338 - Started SocketConnector@0.0.0.0:52118
2015-10-21 16:30:27 INFO  Utils:59 - Successfully started service 'HTTP file server' on port 52118.
2015-10-21 16:30:27 INFO  SparkEnv:59 - Registering OutputCommitCoordinator
2015-10-21 16:30:27 INFO  Server:272 - jetty-8.y.z-SNAPSHOT
2015-10-21 16:30:27 WARN  AbstractLifeCycle:204 - FAILED SelectChannelConnector@0.0.0.0:4040: java.net.BindException: Address already in use
java.net.BindException: Address already in use
	at sun.nio.ch.Net.bind0(Native Method)
	at sun.nio.ch.Net.bind(Net.java:433)
	at sun.nio.ch.Net.bind(Net.java:425)
	at sun.nio.ch.ServerSocketChannelImpl.bind(ServerSocketChannelImpl.java:223)
	at sun.nio.ch.ServerSocketAdaptor.bind(ServerSocketAdaptor.java:74)
	at org.spark-project.jetty.server.nio.SelectChannelConnector.open(SelectChannelConnector.java:187)
	at org.spark-project.jetty.server.AbstractConnector.doStart(AbstractConnector.java:316)
	at org.spark-project.jetty.server.nio.SelectChannelConnector.doStart(SelectChannelConnector.java:265)
	at org.spark-project.jetty.util.component.AbstractLifeCycle.start(AbstractLifeCycle.java:64)
	at org.spark-project.jetty.server.Server.doStart(Server.java:293)
	at org.spark-project.jetty.util.component.AbstractLifeCycle.start(AbstractLifeCycle.java:64)
	at org.apache.spark.ui.JettyUtils$.org$apache$spark$ui$JettyUtils$$connect$1(JettyUtils.scala:236)
	at org.apache.spark.ui.JettyUtils$$anonfun$3.apply(JettyUtils.scala:246)
	at org.apache.spark.ui.JettyUtils$$anonfun$3.apply(JettyUtils.scala:246)
	at org.apache.spark.util.Utils$$anonfun$startServiceOnPort$1.apply$mcVI$sp(Utils.scala:1913)
	at scala.collection.immutable.Range.foreach$mVc$sp(Range.scala:141)
	at org.apache.spark.util.Utils$.startServiceOnPort(Utils.scala:1904)
	at org.apache.spark.ui.JettyUtils$.startJettyServer(JettyUtils.scala:246)
	at org.apache.spark.ui.WebUI.bind(WebUI.scala:136)
	at org.apache.spark.SparkContext$$anonfun$13.apply(SparkContext.scala:465)
	at org.apache.spark.SparkContext$$anonfun$13.apply(SparkContext.scala:465)
	at scala.Option.foreach(Option.scala:236)
	at org.apache.spark.SparkContext.<init>(SparkContext.scala:465)
	at org.apache.spark.SparkContext.<init>(SparkContext.scala:138)
	at edu.berkeley.cs.amplab.spark.intervalrdd.IntervalRDDSuite.<init>(IntervalRDDSuite.scala:38)
	at sun.reflect.NativeConstructorAccessorImpl.newInstance0(Native Method)
	at sun.reflect.NativeConstructorAccessorImpl.newInstance(NativeConstructorAccessorImpl.java:62)
	at sun.reflect.DelegatingConstructorAccessorImpl.newInstance(DelegatingConstructorAccessorImpl.java:45)
	at java.lang.reflect.Constructor.newInstance(Constructor.java:422)
	at java.lang.Class.newInstance(Class.java:442)
	at org.scalatest.tools.Framework$ScalaTestTask.execute(Framework.scala:646)
	at sbt.TestRunner.runTest$1(TestFramework.scala:76)
	at sbt.TestRunner.run(TestFramework.scala:85)
	at sbt.TestFramework$$anon$2$$anonfun$$init$$1$$anonfun$apply$8.apply(TestFramework.scala:202)
	at sbt.TestFramework$$anon$2$$anonfun$$init$$1$$anonfun$apply$8.apply(TestFramework.scala:202)
	at sbt.TestFramework$.sbt$TestFramework$$withContextLoader(TestFramework.scala:185)
	at sbt.TestFramework$$anon$2$$anonfun$$init$$1.apply(TestFramework.scala:202)
	at sbt.TestFramework$$anon$2$$anonfun$$init$$1.apply(TestFramework.scala:202)
	at sbt.TestFunction.apply(TestFramework.scala:207)
	at sbt.Tests$$anonfun$9.apply(Tests.scala:216)
	at sbt.Tests$$anonfun$9.apply(Tests.scala:216)
	at sbt.std.Transform$$anon$3$$anonfun$apply$2.apply(System.scala:44)
	at sbt.std.Transform$$anon$3$$anonfun$apply$2.apply(System.scala:44)
	at sbt.std.Transform$$anon$4.work(System.scala:63)
	at sbt.Execute$$anonfun$submit$1$$anonfun$apply$1.apply(Execute.scala:226)
	at sbt.Execute$$anonfun$submit$1$$anonfun$apply$1.apply(Execute.scala:226)
	at sbt.ErrorHandling$.wideConvert(ErrorHandling.scala:17)
	at sbt.Execute.work(Execute.scala:235)
	at sbt.Execute$$anonfun$submit$1.apply(Execute.scala:226)
	at sbt.Execute$$anonfun$submit$1.apply(Execute.scala:226)
	at sbt.ConcurrentRestrictions$$anon$4$$anonfun$1.apply(ConcurrentRestrictions.scala:159)
	at sbt.CompletionService$$anon$2.call(CompletionService.scala:28)
	at java.util.concurrent.FutureTask.run(FutureTask.java:266)
	at java.util.concurrent.Executors$RunnableAdapter.call(Executors.java:511)
	at java.util.concurrent.FutureTask.run(FutureTask.java:266)
	at java.util.concurrent.ThreadPoolExecutor.runWorker(ThreadPoolExecutor.java:1142)
	at java.util.concurrent.ThreadPoolExecutor$Worker.run(ThreadPoolExecutor.java:617)
	at java.lang.Thread.run(Thread.java:745)
2015-10-21 16:30:27 WARN  AbstractLifeCycle:204 - FAILED org.spark-project.jetty.server.Server@b2f1b6f: java.net.BindException: Address already in use
java.net.BindException: Address already in use
	at sun.nio.ch.Net.bind0(Native Method)
	at sun.nio.ch.Net.bind(Net.java:433)
	at sun.nio.ch.Net.bind(Net.java:425)
	at sun.nio.ch.ServerSocketChannelImpl.bind(ServerSocketChannelImpl.java:223)
	at sun.nio.ch.ServerSocketAdaptor.bind(ServerSocketAdaptor.java:74)
	at org.spark-project.jetty.server.nio.SelectChannelConnector.open(SelectChannelConnector.java:187)
	at org.spark-project.jetty.server.AbstractConnector.doStart(AbstractConnector.java:316)
	at org.spark-project.jetty.server.nio.SelectChannelConnector.doStart(SelectChannelConnector.java:265)
	at org.spark-project.jetty.util.component.AbstractLifeCycle.start(AbstractLifeCycle.java:64)
	at org.spark-project.jetty.server.Server.doStart(Server.java:293)
	at org.spark-project.jetty.util.component.AbstractLifeCycle.start(AbstractLifeCycle.java:64)
	at org.apache.spark.ui.JettyUtils$.org$apache$spark$ui$JettyUtils$$connect$1(JettyUtils.scala:236)
	at org.apache.spark.ui.JettyUtils$$anonfun$3.apply(JettyUtils.scala:246)
	at org.apache.spark.ui.JettyUtils$$anonfun$3.apply(JettyUtils.scala:246)
	at org.apache.spark.util.Utils$$anonfun$startServiceOnPort$1.apply$mcVI$sp(Utils.scala:1913)
	at scala.collection.immutable.Range.foreach$mVc$sp(Range.scala:141)
	at org.apache.spark.util.Utils$.startServiceOnPort(Utils.scala:1904)
	at org.apache.spark.ui.JettyUtils$.startJettyServer(JettyUtils.scala:246)
	at org.apache.spark.ui.WebUI.bind(WebUI.scala:136)
	at org.apache.spark.SparkContext$$anonfun$13.apply(SparkContext.scala:465)
	at org.apache.spark.SparkContext$$anonfun$13.apply(SparkContext.scala:465)
	at scala.Option.foreach(Option.scala:236)
	at org.apache.spark.SparkContext.<init>(SparkContext.scala:465)
	at org.apache.spark.SparkContext.<init>(SparkContext.scala:138)
	at edu.berkeley.cs.amplab.spark.intervalrdd.IntervalRDDSuite.<init>(IntervalRDDSuite.scala:38)
	at sun.reflect.NativeConstructorAccessorImpl.newInstance0(Native Method)
	at sun.reflect.NativeConstructorAccessorImpl.newInstance(NativeConstructorAccessorImpl.java:62)
	at sun.reflect.DelegatingConstructorAccessorImpl.newInstance(DelegatingConstructorAccessorImpl.java:45)
	at java.lang.reflect.Constructor.newInstance(Constructor.java:422)
	at java.lang.Class.newInstance(Class.java:442)
	at org.scalatest.tools.Framework$ScalaTestTask.execute(Framework.scala:646)
	at sbt.TestRunner.runTest$1(TestFramework.scala:76)
	at sbt.TestRunner.run(TestFramework.scala:85)
	at sbt.TestFramework$$anon$2$$anonfun$$init$$1$$anonfun$apply$8.apply(TestFramework.scala:202)
	at sbt.TestFramework$$anon$2$$anonfun$$init$$1$$anonfun$apply$8.apply(TestFramework.scala:202)
	at sbt.TestFramework$.sbt$TestFramework$$withContextLoader(TestFramework.scala:185)
	at sbt.TestFramework$$anon$2$$anonfun$$init$$1.apply(TestFramework.scala:202)
	at sbt.TestFramework$$anon$2$$anonfun$$init$$1.apply(TestFramework.scala:202)
	at sbt.TestFunction.apply(TestFramework.scala:207)
	at sbt.Tests$$anonfun$9.apply(Tests.scala:216)
	at sbt.Tests$$anonfun$9.apply(Tests.scala:216)
	at sbt.std.Transform$$anon$3$$anonfun$apply$2.apply(System.scala:44)
	at sbt.std.Transform$$anon$3$$anonfun$apply$2.apply(System.scala:44)
	at sbt.std.Transform$$anon$4.work(System.scala:63)
	at sbt.Execute$$anonfun$submit$1$$anonfun$apply$1.apply(Execute.scala:226)
	at sbt.Execute$$anonfun$submit$1$$anonfun$apply$1.apply(Execute.scala:226)
	at sbt.ErrorHandling$.wideConvert(ErrorHandling.scala:17)
	at sbt.Execute.work(Execute.scala:235)
	at sbt.Execute$$anonfun$submit$1.apply(Execute.scala:226)
	at sbt.Execute$$anonfun$submit$1.apply(Execute.scala:226)
	at sbt.ConcurrentRestrictions$$anon$4$$anonfun$1.apply(ConcurrentRestrictions.scala:159)
	at sbt.CompletionService$$anon$2.call(CompletionService.scala:28)
	at java.util.concurrent.FutureTask.run(FutureTask.java:266)
	at java.util.concurrent.Executors$RunnableAdapter.call(Executors.java:511)
	at java.util.concurrent.FutureTask.run(FutureTask.java:266)
	at java.util.concurrent.ThreadPoolExecutor.runWorker(ThreadPoolExecutor.java:1142)
	at java.util.concurrent.ThreadPoolExecutor$Worker.run(ThreadPoolExecutor.java:617)
	at java.lang.Thread.run(Thread.java:745)
2015-10-21 16:30:27 INFO  ContextHandler:843 - stopped o.s.j.s.ServletContextHandler{/stages/stage/kill,null}
2015-10-21 16:30:27 INFO  ContextHandler:843 - stopped o.s.j.s.ServletContextHandler{/api,null}
2015-10-21 16:30:27 INFO  ContextHandler:843 - stopped o.s.j.s.ServletContextHandler{/,null}
2015-10-21 16:30:27 INFO  ContextHandler:843 - stopped o.s.j.s.ServletContextHandler{/static,null}
2015-10-21 16:30:27 INFO  ContextHandler:843 - stopped o.s.j.s.ServletContextHandler{/executors/threadDump/json,null}
2015-10-21 16:30:27 INFO  ContextHandler:843 - stopped o.s.j.s.ServletContextHandler{/executors/threadDump,null}
2015-10-21 16:30:27 INFO  ContextHandler:843 - stopped o.s.j.s.ServletContextHandler{/executors/json,null}
2015-10-21 16:30:27 INFO  ContextHandler:843 - stopped o.s.j.s.ServletContextHandler{/executors,null}
2015-10-21 16:30:27 INFO  ContextHandler:843 - stopped o.s.j.s.ServletContextHandler{/environment/json,null}
2015-10-21 16:30:27 INFO  ContextHandler:843 - stopped o.s.j.s.ServletContextHandler{/environment,null}
2015-10-21 16:30:27 INFO  ContextHandler:843 - stopped o.s.j.s.ServletContextHandler{/storage/rdd/json,null}
2015-10-21 16:30:27 INFO  ContextHandler:843 - stopped o.s.j.s.ServletContextHandler{/storage/rdd,null}
2015-10-21 16:30:27 INFO  ContextHandler:843 - stopped o.s.j.s.ServletContextHandler{/storage/json,null}
2015-10-21 16:30:27 INFO  ContextHandler:843 - stopped o.s.j.s.ServletContextHandler{/storage,null}
2015-10-21 16:30:27 INFO  ContextHandler:843 - stopped o.s.j.s.ServletContextHandler{/stages/pool/json,null}
2015-10-21 16:30:27 INFO  ContextHandler:843 - stopped o.s.j.s.ServletContextHandler{/stages/pool,null}
2015-10-21 16:30:27 INFO  ContextHandler:843 - stopped o.s.j.s.ServletContextHandler{/stages/stage/json,null}
2015-10-21 16:30:27 INFO  ContextHandler:843 - stopped o.s.j.s.ServletContextHandler{/stages/stage,null}
2015-10-21 16:30:27 INFO  ContextHandler:843 - stopped o.s.j.s.ServletContextHandler{/stages/json,null}
2015-10-21 16:30:27 INFO  ContextHandler:843 - stopped o.s.j.s.ServletContextHandler{/stages,null}
2015-10-21 16:30:27 INFO  ContextHandler:843 - stopped o.s.j.s.ServletContextHandler{/jobs/job/json,null}
2015-10-21 16:30:27 INFO  ContextHandler:843 - stopped o.s.j.s.ServletContextHandler{/jobs/job,null}
2015-10-21 16:30:27 INFO  ContextHandler:843 - stopped o.s.j.s.ServletContextHandler{/jobs/json,null}
2015-10-21 16:30:27 INFO  ContextHandler:843 - stopped o.s.j.s.ServletContextHandler{/jobs,null}
2015-10-21 16:30:27 WARN  Utils:71 - Service 'SparkUI' could not bind on port 4040. Attempting port 4041.
2015-10-21 16:30:27 INFO  Server:272 - jetty-8.y.z-SNAPSHOT
2015-10-21 16:30:27 INFO  AbstractConnector:338 - Started SelectChannelConnector@0.0.0.0:4041
2015-10-21 16:30:27 INFO  Utils:59 - Successfully started service 'SparkUI' on port 4041.
2015-10-21 16:30:27 INFO  SparkUI:59 - Started SparkUI at http://128.32.39.246:4041
2015-10-21 16:30:27 WARN  MetricsSystem:71 - Using default name DAGScheduler for source because spark.app.id is not set.
2015-10-21 16:30:27 INFO  Executor:59 - Starting executor ID driver on host localhost
2015-10-21 16:30:27 INFO  Utils:59 - Successfully started service 'org.apache.spark.network.netty.NettyBlockTransferService' on port 52119.
2015-10-21 16:30:27 INFO  NettyBlockTransferService:59 - Server created on 52119
2015-10-21 16:30:27 INFO  BlockManagerMaster:59 - Trying to register BlockManager
2015-10-21 16:30:27 INFO  BlockManagerMasterEndpoint:59 - Registering block manager localhost:52119 with 497.6 MB RAM, BlockManagerId(driver, localhost, 52119)
2015-10-21 16:30:27 INFO  BlockManagerMaster:59 - Registered BlockManager
2015-10-21 16:30:28 INFO  SparkContext:59 - Starting job: collect at IntervalRDD.scala:200
2015-10-21 16:30:28 INFO  DAGScheduler:59 - Job 0 finished: collect at IntervalRDD.scala:200, took 0.002001 s
2015-10-21 16:30:28 INFO  SparkContext:59 - Starting job: collect at IntervalRDD.scala:200
2015-10-21 16:30:28 INFO  DAGScheduler:59 - Job 1 finished: collect at IntervalRDD.scala:200, took 0.000024 s
2015-10-21 16:30:28 INFO  ContextCleaner:59 - Cleaned shuffle 1
2015-10-21 16:30:28 INFO  ContextCleaner:59 - Cleaned shuffle 0
2015-10-21 16:31:47 INFO  SparkContext:59 - Invoking stop() from shutdown hook
2015-10-21 16:31:47 INFO  SparkContext:59 - Invoking stop() from shutdown hook
2015-10-21 16:31:47 INFO  ContextHandler:843 - stopped o.s.j.s.ServletContextHandler{/metrics/json,null}
2015-10-21 16:31:47 INFO  ContextHandler:843 - stopped o.s.j.s.ServletContextHandler{/stages/stage/kill,null}
2015-10-21 16:31:47 INFO  ContextHandler:843 - stopped o.s.j.s.ServletContextHandler{/api,null}
2015-10-21 16:31:47 INFO  ContextHandler:843 - stopped o.s.j.s.ServletContextHandler{/metrics/json,null}
2015-10-21 16:31:47 INFO  ContextHandler:843 - stopped o.s.j.s.ServletContextHandler{/,null}
2015-10-21 16:31:47 INFO  ContextHandler:843 - stopped o.s.j.s.ServletContextHandler{/stages/stage/kill,null}
2015-10-21 16:31:47 INFO  ContextHandler:843 - stopped o.s.j.s.ServletContextHandler{/api,null}
2015-10-21 16:31:47 INFO  ContextHandler:843 - stopped o.s.j.s.ServletContextHandler{/static,null}
2015-10-21 16:31:47 INFO  ContextHandler:843 - stopped o.s.j.s.ServletContextHandler{/executors/threadDump/json,null}
2015-10-21 16:31:47 INFO  ContextHandler:843 - stopped o.s.j.s.ServletContextHandler{/,null}
2015-10-21 16:31:47 INFO  ContextHandler:843 - stopped o.s.j.s.ServletContextHandler{/executors/threadDump,null}
2015-10-21 16:31:47 INFO  ContextHandler:843 - stopped o.s.j.s.ServletContextHandler{/static,null}
2015-10-21 16:31:47 INFO  ContextHandler:843 - stopped o.s.j.s.ServletContextHandler{/executors/json,null}
2015-10-21 16:31:47 INFO  ContextHandler:843 - stopped o.s.j.s.ServletContextHandler{/executors/threadDump/json,null}
2015-10-21 16:31:47 INFO  ContextHandler:843 - stopped o.s.j.s.ServletContextHandler{/executors,null}
2015-10-21 16:31:47 INFO  ContextHandler:843 - stopped o.s.j.s.ServletContextHandler{/executors/threadDump,null}
2015-10-21 16:31:47 INFO  ContextHandler:843 - stopped o.s.j.s.ServletContextHandler{/executors/json,null}
2015-10-21 16:31:47 INFO  ContextHandler:843 - stopped o.s.j.s.ServletContextHandler{/environment/json,null}
2015-10-21 16:31:47 INFO  ContextHandler:843 - stopped o.s.j.s.ServletContextHandler{/executors,null}
2015-10-21 16:31:47 INFO  ContextHandler:843 - stopped o.s.j.s.ServletContextHandler{/environment,null}
2015-10-21 16:31:47 INFO  ContextHandler:843 - stopped o.s.j.s.ServletContextHandler{/environment/json,null}
2015-10-21 16:31:47 INFO  ContextHandler:843 - stopped o.s.j.s.ServletContextHandler{/storage/rdd/json,null}
2015-10-21 16:31:47 INFO  ContextHandler:843 - stopped o.s.j.s.ServletContextHandler{/environment,null}
2015-10-21 16:31:47 INFO  ContextHandler:843 - stopped o.s.j.s.ServletContextHandler{/storage/rdd,null}
2015-10-21 16:31:47 INFO  ContextHandler:843 - stopped o.s.j.s.ServletContextHandler{/storage/json,null}
2015-10-21 16:31:47 INFO  ContextHandler:843 - stopped o.s.j.s.ServletContextHandler{/storage/rdd/json,null}
2015-10-21 16:31:47 INFO  ContextHandler:843 - stopped o.s.j.s.ServletContextHandler{/storage/rdd,null}
2015-10-21 16:31:47 INFO  ContextHandler:843 - stopped o.s.j.s.ServletContextHandler{/storage,null}
2015-10-21 16:31:47 INFO  ContextHandler:843 - stopped o.s.j.s.ServletContextHandler{/storage/json,null}
2015-10-21 16:31:47 INFO  ContextHandler:843 - stopped o.s.j.s.ServletContextHandler{/stages/pool/json,null}
2015-10-21 16:31:47 INFO  ContextHandler:843 - stopped o.s.j.s.ServletContextHandler{/stages/pool,null}
2015-10-21 16:31:47 INFO  ContextHandler:843 - stopped o.s.j.s.ServletContextHandler{/storage,null}
2015-10-21 16:31:47 INFO  ContextHandler:843 - stopped o.s.j.s.ServletContextHandler{/stages/pool/json,null}
2015-10-21 16:31:47 INFO  ContextHandler:843 - stopped o.s.j.s.ServletContextHandler{/stages/pool,null}
2015-10-21 16:31:47 INFO  ContextHandler:843 - stopped o.s.j.s.ServletContextHandler{/stages/stage/json,null}
2015-10-21 16:31:47 INFO  ContextHandler:843 - stopped o.s.j.s.ServletContextHandler{/stages/stage/json,null}
2015-10-21 16:31:47 INFO  ContextHandler:843 - stopped o.s.j.s.ServletContextHandler{/stages/stage,null}
2015-10-21 16:31:47 INFO  ContextHandler:843 - stopped o.s.j.s.ServletContextHandler{/stages/stage,null}
2015-10-21 16:31:47 INFO  ContextHandler:843 - stopped o.s.j.s.ServletContextHandler{/stages/json,null}
2015-10-21 16:31:47 INFO  ContextHandler:843 - stopped o.s.j.s.ServletContextHandler{/stages/json,null}
2015-10-21 16:31:47 INFO  ContextHandler:843 - stopped o.s.j.s.ServletContextHandler{/stages,null}
2015-10-21 16:31:47 INFO  ContextHandler:843 - stopped o.s.j.s.ServletContextHandler{/stages,null}
2015-10-21 16:31:47 INFO  ContextHandler:843 - stopped o.s.j.s.ServletContextHandler{/jobs/job/json,null}
2015-10-21 16:31:47 INFO  ContextHandler:843 - stopped o.s.j.s.ServletContextHandler{/jobs/job/json,null}
2015-10-21 16:31:47 INFO  ContextHandler:843 - stopped o.s.j.s.ServletContextHandler{/jobs/job,null}
2015-10-21 16:31:47 INFO  ContextHandler:843 - stopped o.s.j.s.ServletContextHandler{/jobs/job,null}
2015-10-21 16:31:47 INFO  ContextHandler:843 - stopped o.s.j.s.ServletContextHandler{/jobs/json,null}
2015-10-21 16:31:47 INFO  ContextHandler:843 - stopped o.s.j.s.ServletContextHandler{/jobs/json,null}
2015-10-21 16:31:47 INFO  ContextHandler:843 - stopped o.s.j.s.ServletContextHandler{/jobs,null}
2015-10-21 16:31:47 INFO  ContextHandler:843 - stopped o.s.j.s.ServletContextHandler{/jobs,null}
2015-10-21 16:31:48 INFO  SparkUI:59 - Stopped Spark web UI at http://128.32.39.246:4041
2015-10-21 16:31:48 INFO  SparkUI:59 - Stopped Spark web UI at http://128.32.39.246:4040
2015-10-21 16:31:48 INFO  DAGScheduler:59 - Stopping DAGScheduler
2015-10-21 16:31:48 INFO  DAGScheduler:59 - Stopping DAGScheduler
2015-10-21 16:31:48 INFO  MapOutputTrackerMasterEndpoint:59 - MapOutputTrackerMasterEndpoint stopped!
2015-10-21 16:31:48 INFO  MapOutputTrackerMasterEndpoint:59 - MapOutputTrackerMasterEndpoint stopped!
2015-10-21 16:31:48 INFO  MemoryStore:59 - MemoryStore cleared
2015-10-21 16:31:48 INFO  MemoryStore:59 - MemoryStore cleared
2015-10-21 16:31:48 INFO  BlockManager:59 - BlockManager stopped
2015-10-21 16:31:48 INFO  BlockManagerMaster:59 - BlockManagerMaster stopped
2015-10-21 16:31:48 INFO  BlockManager:59 - BlockManager stopped
2015-10-21 16:31:48 INFO  BlockManagerMaster:59 - BlockManagerMaster stopped
2015-10-21 16:31:48 INFO  OutputCommitCoordinator$OutputCommitCoordinatorEndpoint:59 - OutputCommitCoordinator stopped!
2015-10-21 16:31:48 INFO  OutputCommitCoordinator$OutputCommitCoordinatorEndpoint:59 - OutputCommitCoordinator stopped!
2015-10-21 16:31:48 INFO  SparkContext:59 - Successfully stopped SparkContext
2015-10-21 16:31:48 INFO  SparkContext:59 - Successfully stopped SparkContext
2015-10-21 16:31:48 INFO  ShutdownHookManager:59 - Shutdown hook called
2015-10-21 16:31:48 INFO  ShutdownHookManager:59 - Shutdown hook called
2015-10-21 16:31:48 INFO  ShutdownHookManager:59 - Deleting directory /private/var/folders/s9/40npqrf17dn72t1wwk5tmjhs54h2pt/T/spark-064d9440-99b0-461f-a4b9-9828eade2032
2015-10-21 16:31:48 INFO  ShutdownHookManager:59 - Deleting directory /private/var/folders/s9/40npqrf17dn72t1wwk5tmjhs54h2pt/T/spark-712ae6a1-d771-4307-9b45-65276e8b9f64
2015-10-21 16:33:03 INFO  SparkContext:59 - Running Spark version 1.5.0
2015-10-21 16:33:04 WARN  NativeCodeLoader:62 - Unable to load native-hadoop library for your platform... using builtin-java classes where applicable
2015-10-21 16:33:04 INFO  SecurityManager:59 - Changing view acls to: akmorrow
2015-10-21 16:33:04 INFO  SecurityManager:59 - Changing modify acls to: akmorrow
2015-10-21 16:33:04 INFO  SecurityManager:59 - SecurityManager: authentication disabled; ui acls disabled; users with view permissions: Set(akmorrow); users with modify permissions: Set(akmorrow)
2015-10-21 16:33:05 INFO  Slf4jLogger:80 - Slf4jLogger started
2015-10-21 16:33:05 INFO  Remoting:74 - Starting remoting
2015-10-21 16:33:05 INFO  Remoting:74 - Remoting started; listening on addresses :[akka.tcp://sparkDriver@128.32.39.246:52127]
2015-10-21 16:33:05 INFO  Utils:59 - Successfully started service 'sparkDriver' on port 52127.
2015-10-21 16:33:05 INFO  SparkEnv:59 - Registering MapOutputTracker
2015-10-21 16:33:05 INFO  SparkEnv:59 - Registering BlockManagerMaster
2015-10-21 16:33:05 INFO  DiskBlockManager:59 - Created local directory at /private/var/folders/s9/40npqrf17dn72t1wwk5tmjhs54h2pt/T/blockmgr-1e0ec5e0-474a-4cac-baa6-0a4b0439ea04
2015-10-21 16:33:05 INFO  MemoryStore:59 - MemoryStore started with capacity 491.7 MB
2015-10-21 16:33:05 INFO  HttpFileServer:59 - HTTP File server directory is /private/var/folders/s9/40npqrf17dn72t1wwk5tmjhs54h2pt/T/spark-c7ec20c9-3756-45ed-abfd-e04515ca3116/httpd-44c32e8c-6219-4138-9cd1-0a8f9d779e5b
2015-10-21 16:33:05 INFO  HttpServer:59 - Starting HTTP Server
2015-10-21 16:33:05 INFO  Server:272 - jetty-8.y.z-SNAPSHOT
2015-10-21 16:33:05 INFO  AbstractConnector:338 - Started SocketConnector@0.0.0.0:52128
2015-10-21 16:33:05 INFO  Utils:59 - Successfully started service 'HTTP file server' on port 52128.
2015-10-21 16:33:05 INFO  SparkEnv:59 - Registering OutputCommitCoordinator
2015-10-21 16:33:06 INFO  Server:272 - jetty-8.y.z-SNAPSHOT
2015-10-21 16:33:06 INFO  AbstractConnector:338 - Started SelectChannelConnector@0.0.0.0:4040
2015-10-21 16:33:06 INFO  Utils:59 - Successfully started service 'SparkUI' on port 4040.
2015-10-21 16:33:06 INFO  SparkUI:59 - Started SparkUI at http://128.32.39.246:4040
2015-10-21 16:33:06 WARN  MetricsSystem:71 - Using default name DAGScheduler for source because spark.app.id is not set.
2015-10-21 16:33:06 INFO  Executor:59 - Starting executor ID driver on host localhost
2015-10-21 16:33:06 INFO  Utils:59 - Successfully started service 'org.apache.spark.network.netty.NettyBlockTransferService' on port 52129.
2015-10-21 16:33:06 INFO  NettyBlockTransferService:59 - Server created on 52129
2015-10-21 16:33:06 INFO  BlockManagerMaster:59 - Trying to register BlockManager
2015-10-21 16:33:06 INFO  BlockManagerMasterEndpoint:59 - Registering block manager localhost:52129 with 491.7 MB RAM, BlockManagerId(driver, localhost, 52129)
2015-10-21 16:33:06 INFO  BlockManagerMaster:59 - Registered BlockManager
2015-10-21 16:33:06 INFO  SparkContext:59 - Starting job: collect at IntervalRDD.scala:200
2015-10-21 16:33:06 INFO  DAGScheduler:59 - Job 0 finished: collect at IntervalRDD.scala:200, took 0.002244 s
2015-10-21 16:33:06 INFO  SparkContext:59 - Starting job: collect at IntervalRDD.scala:200
2015-10-21 16:33:06 INFO  DAGScheduler:59 - Job 1 finished: collect at IntervalRDD.scala:200, took 0.000024 s
2015-10-21 16:33:06 INFO  SparkContext:59 - Starting job: collect at IntervalRDD.scala:200
2015-10-21 16:33:06 INFO  DAGScheduler:59 - Job 2 finished: collect at IntervalRDD.scala:200, took 0.000032 s
2015-10-21 16:33:07 INFO  ContextCleaner:59 - Cleaned shuffle 2
2015-10-21 16:33:07 INFO  ContextCleaner:59 - Cleaned shuffle 1
2015-10-21 16:33:07 INFO  ContextCleaner:59 - Cleaned shuffle 0
2015-10-21 16:34:06 INFO  SparkContext:59 - Invoking stop() from shutdown hook
2015-10-21 16:34:06 INFO  ContextHandler:843 - stopped o.s.j.s.ServletContextHandler{/metrics/json,null}
2015-10-21 16:34:06 INFO  ContextHandler:843 - stopped o.s.j.s.ServletContextHandler{/stages/stage/kill,null}
2015-10-21 16:34:06 INFO  ContextHandler:843 - stopped o.s.j.s.ServletContextHandler{/api,null}
2015-10-21 16:34:06 INFO  ContextHandler:843 - stopped o.s.j.s.ServletContextHandler{/,null}
2015-10-21 16:34:06 INFO  ContextHandler:843 - stopped o.s.j.s.ServletContextHandler{/static,null}
2015-10-21 16:34:06 INFO  ContextHandler:843 - stopped o.s.j.s.ServletContextHandler{/executors/threadDump/json,null}
2015-10-21 16:34:06 INFO  ContextHandler:843 - stopped o.s.j.s.ServletContextHandler{/executors/threadDump,null}
2015-10-21 16:34:06 INFO  ContextHandler:843 - stopped o.s.j.s.ServletContextHandler{/executors/json,null}
2015-10-21 16:34:06 INFO  ContextHandler:843 - stopped o.s.j.s.ServletContextHandler{/executors,null}
2015-10-21 16:34:06 INFO  ContextHandler:843 - stopped o.s.j.s.ServletContextHandler{/environment/json,null}
2015-10-21 16:34:06 INFO  ContextHandler:843 - stopped o.s.j.s.ServletContextHandler{/environment,null}
2015-10-21 16:34:06 INFO  ContextHandler:843 - stopped o.s.j.s.ServletContextHandler{/storage/rdd/json,null}
2015-10-21 16:34:06 INFO  ContextHandler:843 - stopped o.s.j.s.ServletContextHandler{/storage/rdd,null}
2015-10-21 16:34:06 INFO  ContextHandler:843 - stopped o.s.j.s.ServletContextHandler{/storage/json,null}
2015-10-21 16:34:06 INFO  ContextHandler:843 - stopped o.s.j.s.ServletContextHandler{/storage,null}
2015-10-21 16:34:06 INFO  ContextHandler:843 - stopped o.s.j.s.ServletContextHandler{/stages/pool/json,null}
2015-10-21 16:34:06 INFO  ContextHandler:843 - stopped o.s.j.s.ServletContextHandler{/stages/pool,null}
2015-10-21 16:34:07 INFO  ContextHandler:843 - stopped o.s.j.s.ServletContextHandler{/stages/stage/json,null}
2015-10-21 16:34:07 INFO  ContextHandler:843 - stopped o.s.j.s.ServletContextHandler{/stages/stage,null}
2015-10-21 16:34:07 INFO  ContextHandler:843 - stopped o.s.j.s.ServletContextHandler{/stages/json,null}
2015-10-21 16:34:07 INFO  ContextHandler:843 - stopped o.s.j.s.ServletContextHandler{/stages,null}
2015-10-21 16:34:07 INFO  ContextHandler:843 - stopped o.s.j.s.ServletContextHandler{/jobs/job/json,null}
2015-10-21 16:34:07 INFO  ContextHandler:843 - stopped o.s.j.s.ServletContextHandler{/jobs/job,null}
2015-10-21 16:34:07 INFO  ContextHandler:843 - stopped o.s.j.s.ServletContextHandler{/jobs/json,null}
2015-10-21 16:34:07 INFO  ContextHandler:843 - stopped o.s.j.s.ServletContextHandler{/jobs,null}
2015-10-21 16:34:07 INFO  SparkUI:59 - Stopped Spark web UI at http://128.32.39.246:4040
2015-10-21 16:34:07 INFO  DAGScheduler:59 - Stopping DAGScheduler
2015-10-21 16:34:07 INFO  MapOutputTrackerMasterEndpoint:59 - MapOutputTrackerMasterEndpoint stopped!
2015-10-21 16:34:07 INFO  MemoryStore:59 - MemoryStore cleared
2015-10-21 16:34:07 INFO  BlockManager:59 - BlockManager stopped
2015-10-21 16:34:07 INFO  BlockManagerMaster:59 - BlockManagerMaster stopped
2015-10-21 16:34:07 INFO  SparkContext:59 - Successfully stopped SparkContext
2015-10-21 16:34:07 INFO  OutputCommitCoordinator$OutputCommitCoordinatorEndpoint:59 - OutputCommitCoordinator stopped!
2015-10-21 16:34:07 INFO  ShutdownHookManager:59 - Shutdown hook called
2015-10-21 16:34:07 INFO  ShutdownHookManager:59 - Deleting directory /private/var/folders/s9/40npqrf17dn72t1wwk5tmjhs54h2pt/T/spark-c7ec20c9-3756-45ed-abfd-e04515ca3116
